<?xml version="1.0" encoding="UTF-8"?>
<!-- Generated by org.testng.reporters.JUnitReportReporter -->
<testsuite hostname="CNSLAPWIN-240" failures="0" tests="1" name="testcases.login.LoginTest" time="11.675" errors="0" timestamp="2023-06-06T19:39:52 IST" skipped="0">
  <testcase classname="testcases.login.LoginTest" name="loginTest" time="11.675"/>
  <system-out/>
</testsuite> <!-- testcases.login.LoginTest -->
